<?xml version="1.0" encoding="UTF-8"?>
<!-- Generated by org.testng.reporters.JUnitReportReporter -->
<testsuite ignored="0" hostname="DESKTOP-H854ITH" failures="0" tests="1" name="prueba.NewTest" time="26.244" errors="0" timestamp="28 Jul 2023 00:20:37 GMT" skipped="0">
  <testcase classname="prueba.NewTest" name="tc01" time="26.244"/>
</testsuite> <!-- prueba.NewTest -->
